<?xml version="1.0" encoding="UTF-8"?>
<!-- Generated by org.testng.reporters.JUnitReportReporter -->
<testsuite skipped="0" hostname="Jaykirti" name="stepdefinitions.TasksStepDefinition" tests="11" failures="0" timestamp="2021-04-29T23:37:12 IST" time="83.668" errors="0">
  <testcase name="openBrowserAndUrl" time="23.432" classname="stepdefinitions.TasksStepDefinition"/>
  <system-out/>
  <testcase name="enterUnamePwd" time="4.554" classname="stepdefinitions.TasksStepDefinition"/>
  <system-out/>
  <testcase name="enterEmail" time="3.383" classname="stepdefinitions.TasksStepDefinition"/>
  <system-out/>
  <testcase name="personalInfoPage" time="0.016" classname="stepdefinitions.TasksStepDefinition"/>
  <system-out/>
  <testcase name="custinfo" time="4.878" classname="stepdefinitions.TasksStepDefinition"/>
  <system-out/>
  <testcase name="clkRegBtn" time="3.286" classname="stepdefinitions.TasksStepDefinition"/>
  <system-out/>
  <testcase name="myAccPage" time="0.295" classname="stepdefinitions.TasksStepDefinition"/>
  <system-out/>
  <testcase name="logoutAndLogin" time="7.627" classname="stepdefinitions.TasksStepDefinition"/>
  <system-out/>
  <testcase name="addProdToCart" time="13.364" classname="stepdefinitions.TasksStepDefinition"/>
  <system-out/>
  <testcase name="chkOutPage" time="22.272" classname="stepdefinitions.TasksStepDefinition"/>
  <system-out/>
  <testcase name="paymentPage" time="0.561" classname="stepdefinitions.TasksStepDefinition"/>
  <system-out/>
</testsuite> <!-- stepdefinitions.TasksStepDefinition -->
